[0330/092346.830:ERROR:file_io_win.cc(179)] CreateFile C:\Program Files (x86)\Google\Chrome\settings.dat: Acceso denegado. (0x5)
[0330/092346.837:ERROR:registration_protocol_win.cc(84)] TransactNamedPipe: Ha terminado la canalización. (0x6D)
[0330/092346.839:ERROR:file_io_win.cc(179)] CreateFile C:\Program Files (x86)\Google\Chrome\settings.dat: Acceso denegado. (0x5)
[0330/100019.698:ERROR:file_io_win.cc(179)] CreateFile C:\Program Files (x86)\Google\Chrome\settings.dat: Acceso denegado. (0x5)
[0330/100019.705:ERROR:registration_protocol_win.cc(84)] TransactNamedPipe: Ha terminado la canalización. (0x6D)
[0330/100019.706:ERROR:file_io_win.cc(179)] CreateFile C:\Program Files (x86)\Google\Chrome\settings.dat: Acceso denegado. (0x5)
[0331/190056.205:ERROR:file_io_win.cc(179)] CreateFile C:\Program Files (x86)\Google\Chrome\settings.dat: Acceso denegado. (0x5)
[0331/190056.227:ERROR:registration_protocol_win.cc(84)] TransactNamedPipe: Ha terminado la canalización. (0x6D)
[0331/190056.228:ERROR:file_io_win.cc(179)] CreateFile C:\Program Files (x86)\Google\Chrome\settings.dat: Acceso denegado. (0x5)
[0331/200738.720:ERROR:file_io_win.cc(179)] CreateFile C:\Program Files (x86)\Google\Chrome\settings.dat: Acceso denegado. (0x5)
[0331/200738.725:ERROR:registration_protocol_win.cc(84)] TransactNamedPipe: Ha terminado la canalización. (0x6D)
[0331/200738.726:ERROR:file_io_win.cc(179)] CreateFile C:\Program Files (x86)\Google\Chrome\settings.dat: Acceso denegado. (0x5)
[0404/163752.179:ERROR:file_io_win.cc(179)] CreateFile C:\Program Files (x86)\Google\Chrome\settings.dat: Acceso denegado. (0x5)
[0404/163752.195:ERROR:registration_protocol_win.cc(84)] TransactNamedPipe: Ha terminado la canalización. (0x6D)
[0404/163752.195:ERROR:file_io_win.cc(179)] CreateFile C:\Program Files (x86)\Google\Chrome\settings.dat: Acceso denegado. (0x5)
[0404/180531.771:ERROR:file_io_win.cc(179)] CreateFile C:\Program Files (x86)\Google\Chrome\settings.dat: Acceso denegado. (0x5)
[0404/180531.776:ERROR:registration_protocol_win.cc(84)] TransactNamedPipe: Ha terminado la canalización. (0x6D)
[0404/180531.777:ERROR:file_io_win.cc(179)] CreateFile C:\Program Files (x86)\Google\Chrome\settings.dat: Acceso denegado. (0x5)
[0404/181138.465:ERROR:file_io_win.cc(179)] CreateFile C:\Program Files (x86)\Google\Chrome\settings.dat: Acceso denegado. (0x5)
[0404/181138.469:ERROR:registration_protocol_win.cc(84)] TransactNamedPipe: Ha terminado la canalización. (0x6D)
[0404/181138.471:ERROR:file_io_win.cc(179)] CreateFile C:\Program Files (x86)\Google\Chrome\settings.dat: Acceso denegado. (0x5)
[0405/112701.927:ERROR:file_io_win.cc(179)] CreateFile C:\Program Files (x86)\Google\Chrome\settings.dat: Acceso denegado. (0x5)
[0405/112701.939:ERROR:registration_protocol_win.cc(84)] TransactNamedPipe: Ha terminado la canalización. (0x6D)
[0405/112701.940:ERROR:file_io_win.cc(179)] CreateFile C:\Program Files (x86)\Google\Chrome\settings.dat: Acceso denegado. (0x5)
[0405/181209.518:ERROR:file_io_win.cc(179)] CreateFile C:\Program Files (x86)\Google\Chrome\settings.dat: Acceso denegado. (0x5)
[0405/181209.585:ERROR:registration_protocol_win.cc(84)] TransactNamedPipe: Ha terminado la canalización. (0x6D)
[0405/181209.586:ERROR:file_io_win.cc(179)] CreateFile C:\Program Files (x86)\Google\Chrome\settings.dat: Acceso denegado. (0x5)
[0405/202259.057:ERROR:file_io_win.cc(179)] CreateFile C:\Program Files (x86)\Google\Chrome\settings.dat: Acceso denegado. (0x5)
[0405/202259.062:ERROR:registration_protocol_win.cc(84)] TransactNamedPipe: Ha terminado la canalización. (0x6D)
[0405/202259.063:ERROR:file_io_win.cc(179)] CreateFile C:\Program Files (x86)\Google\Chrome\settings.dat: Acceso denegado. (0x5)
[0413/160515.498:ERROR:file_io_win.cc(179)] CreateFile C:\Program Files (x86)\Google\Chrome\settings.dat: Acceso denegado. (0x5)
[0413/160515.515:ERROR:registration_protocol_win.cc(84)] TransactNamedPipe: Ha terminado la canalización. (0x6D)
[0413/160515.516:ERROR:file_io_win.cc(179)] CreateFile C:\Program Files (x86)\Google\Chrome\settings.dat: Acceso denegado. (0x5)
[0413/190544.099:ERROR:file_io_win.cc(179)] CreateFile C:\Program Files (x86)\Google\Chrome\settings.dat: Acceso denegado. (0x5)
[0413/190544.113:ERROR:registration_protocol_win.cc(84)] TransactNamedPipe: Ha terminado la canalización. (0x6D)
[0413/190544.114:ERROR:file_io_win.cc(179)] CreateFile C:\Program Files (x86)\Google\Chrome\settings.dat: Acceso denegado. (0x5)
[0414/164403.322:ERROR:file_io_win.cc(179)] CreateFile C:\Program Files (x86)\Google\Chrome\settings.dat: Acceso denegado. (0x5)
[0414/164403.332:ERROR:registration_protocol_win.cc(84)] TransactNamedPipe: Ha terminado la canalización. (0x6D)
[0414/164403.332:ERROR:file_io_win.cc(179)] CreateFile C:\Program Files (x86)\Google\Chrome\settings.dat: Acceso denegado. (0x5)
[0820/164148.723:ERROR:file_io_win.cc(179)] CreateFile C:\Program Files (x86)\Google\Chrome\settings.dat: Acceso denegado. (0x5)
[0820/164148.729:ERROR:registration_protocol_win.cc(131)] TransactNamedPipe: Ha terminado la canalización. (0x6D)
[0820/164148.730:ERROR:file_io_win.cc(179)] CreateFile C:\Program Files (x86)\Google\Chrome\settings.dat: Acceso denegado. (0x5)
[0820/165625.796:ERROR:file_io_win.cc(179)] CreateFile C:\Program Files (x86)\Google\Chrome\settings.dat: Acceso denegado. (0x5)
[0820/165625.804:ERROR:registration_protocol_win.cc(131)] TransactNamedPipe: Ha terminado la canalización. (0x6D)
[0820/165625.805:ERROR:file_io_win.cc(179)] CreateFile C:\Program Files (x86)\Google\Chrome\settings.dat: Acceso denegado. (0x5)
[0820/172735.208:ERROR:file_io_win.cc(179)] CreateFile C:\Program Files (x86)\Google\Chrome\settings.dat: Acceso denegado. (0x5)
[0820/172735.214:ERROR:registration_protocol_win.cc(131)] TransactNamedPipe: Ha terminado la canalización. (0x6D)
[0820/172735.215:ERROR:file_io_win.cc(179)] CreateFile C:\Program Files (x86)\Google\Chrome\settings.dat: Acceso denegado. (0x5)
[0820/173652.533:ERROR:file_io_win.cc(179)] CreateFile C:\Program Files (x86)\Google\Chrome\settings.dat: Acceso denegado. (0x5)
[0820/173652.534:ERROR:exit_code_watcher_win.cc(87)] Failed to wait for process exit or stop event
[0820/173652.544:ERROR:registration_protocol_win.cc(131)] TransactNamedPipe: Ha terminado la canalización. (0x6D)
[0820/173652.545:ERROR:file_io_win.cc(179)] CreateFile C:\Program Files (x86)\Google\Chrome\settings.dat: Acceso denegado. (0x5)
[0820/175226.425:ERROR:file_io_win.cc(179)] CreateFile C:\Program Files (x86)\Google\Chrome\settings.dat: Acceso denegado. (0x5)
[0820/175226.433:ERROR:registration_protocol_win.cc(131)] TransactNamedPipe: Ha terminado la canalización. (0x6D)
[0820/175226.434:ERROR:file_io_win.cc(179)] CreateFile C:\Program Files (x86)\Google\Chrome\settings.dat: Acceso denegado. (0x5)
[0820/180151.180:ERROR:file_io_win.cc(179)] CreateFile C:\Program Files (x86)\Google\Chrome\settings.dat: Acceso denegado. (0x5)
[0820/180151.188:ERROR:registration_protocol_win.cc(131)] TransactNamedPipe: Ha terminado la canalización. (0x6D)
[0820/180151.189:ERROR:file_io_win.cc(179)] CreateFile C:\Program Files (x86)\Google\Chrome\settings.dat: Acceso denegado. (0x5)
[0820/181153.316:ERROR:file_io_win.cc(179)] CreateFile C:\Program Files (x86)\Google\Chrome\settings.dat: Acceso denegado. (0x5)
[0820/181153.323:ERROR:registration_protocol_win.cc(131)] TransactNamedPipe: Ha terminado la canalización. (0x6D)
[0820/181153.324:ERROR:file_io_win.cc(179)] CreateFile C:\Program Files (x86)\Google\Chrome\settings.dat: Acceso denegado. (0x5)
[0820/182218.887:ERROR:file_io_win.cc(179)] CreateFile C:\Program Files (x86)\Google\Chrome\settings.dat: Acceso denegado. (0x5)
[0820/182218.893:ERROR:registration_protocol_win.cc(131)] TransactNamedPipe: Ha terminado la canalización. (0x6D)
[0820/182218.895:ERROR:file_io_win.cc(179)] CreateFile C:\Program Files (x86)\Google\Chrome\settings.dat: Acceso denegado. (0x5)
[0820/182828.198:ERROR:file_io_win.cc(179)] CreateFile C:\Program Files (x86)\Google\Chrome\settings.dat: Acceso denegado. (0x5)
[0820/182828.213:ERROR:registration_protocol_win.cc(131)] TransactNamedPipe: Ha terminado la canalización. (0x6D)
[0820/182828.213:ERROR:file_io_win.cc(179)] CreateFile C:\Program Files (x86)\Google\Chrome\settings.dat: Acceso denegado. (0x5)
[0820/184344.829:ERROR:file_io_win.cc(179)] CreateFile C:\Program Files (x86)\Google\Chrome\settings.dat: Acceso denegado. (0x5)
[0820/184344.847:ERROR:registration_protocol_win.cc(131)] TransactNamedPipe: Ha terminado la canalización. (0x6D)
[0820/184344.849:ERROR:file_io_win.cc(179)] CreateFile C:\Program Files (x86)\Google\Chrome\settings.dat: Acceso denegado. (0x5)
[0820/185347.436:ERROR:file_io_win.cc(179)] CreateFile C:\Program Files (x86)\Google\Chrome\settings.dat: Acceso denegado. (0x5)
[0820/185347.447:ERROR:registration_protocol_win.cc(131)] TransactNamedPipe: Ha terminado la canalización. (0x6D)
[0820/185347.449:ERROR:file_io_win.cc(179)] CreateFile C:\Program Files (x86)\Google\Chrome\settings.dat: Acceso denegado. (0x5)
[0820/190624.552:ERROR:file_io_win.cc(179)] CreateFile C:\Program Files (x86)\Google\Chrome\settings.dat: Acceso denegado. (0x5)
[0820/190624.557:ERROR:registration_protocol_win.cc(131)] TransactNamedPipe: Ha terminado la canalización. (0x6D)
[0820/190624.562:ERROR:file_io_win.cc(179)] CreateFile C:\Program Files (x86)\Google\Chrome\settings.dat: Acceso denegado. (0x5)
[0820/193639.547:ERROR:file_io_win.cc(179)] CreateFile C:\Program Files (x86)\Google\Chrome\settings.dat: Acceso denegado. (0x5)
[0820/193639.552:ERROR:registration_protocol_win.cc(131)] TransactNamedPipe: Ha terminado la canalización. (0x6D)
[0820/193639.553:ERROR:file_io_win.cc(179)] CreateFile C:\Program Files (x86)\Google\Chrome\settings.dat: Acceso denegado. (0x5)
[0820/211300.636:ERROR:file_io_win.cc(179)] CreateFile C:\Program Files (x86)\Google\Chrome\settings.dat: Acceso denegado. (0x5)
[0820/211300.636:ERROR:registration_protocol_win.cc(131)] TransactNamedPipe: Ha terminado la canalización. (0x6D)
[0820/211300.636:ERROR:file_io_win.cc(179)] CreateFile C:\Program Files (x86)\Google\Chrome\settings.dat: Acceso denegado. (0x5)
[0820/211856.568:ERROR:file_io_win.cc(179)] CreateFile C:\Program Files (x86)\Google\Chrome\settings.dat: Acceso denegado. (0x5)
[0820/211856.575:ERROR:registration_protocol_win.cc(131)] TransactNamedPipe: Ha terminado la canalización. (0x6D)
[0820/211856.576:ERROR:file_io_win.cc(179)] CreateFile C:\Program Files (x86)\Google\Chrome\settings.dat: Acceso denegado. (0x5)
[0820/212313.379:ERROR:file_io_win.cc(179)] CreateFile C:\Program Files (x86)\Google\Chrome\settings.dat: Acceso denegado. (0x5)
[0820/212313.379:ERROR:registration_protocol_win.cc(131)] TransactNamedPipe: Ha terminado la canalización. (0x6D)
[0820/212313.379:ERROR:file_io_win.cc(179)] CreateFile C:\Program Files (x86)\Google\Chrome\settings.dat: Acceso denegado. (0x5)
[0820/213757.822:ERROR:file_io_win.cc(179)] CreateFile C:\Program Files (x86)\Google\Chrome\settings.dat: Acceso denegado. (0x5)
[0820/213757.853:ERROR:registration_protocol_win.cc(131)] TransactNamedPipe: Ha terminado la canalización. (0x6D)
[0820/213757.925:ERROR:file_io_win.cc(179)] CreateFile C:\Program Files (x86)\Google\Chrome\settings.dat: Acceso denegado. (0x5)
[0820/215701.134:ERROR:file_io_win.cc(179)] CreateFile C:\Program Files (x86)\Google\Chrome\settings.dat: Acceso denegado. (0x5)
[0820/215701.150:ERROR:registration_protocol_win.cc(131)] TransactNamedPipe: Ha terminado la canalización. (0x6D)
[0820/215701.157:ERROR:file_io_win.cc(179)] CreateFile C:\Program Files (x86)\Google\Chrome\settings.dat: Acceso denegado. (0x5)
[0820/215918.819:ERROR:file_io_win.cc(179)] CreateFile C:\Program Files (x86)\Google\Chrome\settings.dat: Acceso denegado. (0x5)
[0820/215918.820:ERROR:exit_code_watcher_win.cc(87)] Failed to wait for process exit or stop event
[0820/215918.822:ERROR:registration_protocol_win.cc(131)] TransactNamedPipe: Ha terminado la canalización. (0x6D)
[0820/215918.823:ERROR:file_io_win.cc(179)] CreateFile C:\Program Files (x86)\Google\Chrome\settings.dat: Acceso denegado. (0x5)
[0820/220753.124:ERROR:file_io_win.cc(179)] CreateFile C:\Program Files (x86)\Google\Chrome\settings.dat: Acceso denegado. (0x5)
[0820/220753.132:ERROR:registration_protocol_win.cc(131)] TransactNamedPipe: Ha terminado la canalización. (0x6D)
[0820/220753.133:ERROR:file_io_win.cc(179)] CreateFile C:\Program Files (x86)\Google\Chrome\settings.dat: Acceso denegado. (0x5)
[0820/221429.690:ERROR:file_io_win.cc(179)] CreateFile C:\Program Files (x86)\Google\Chrome\settings.dat: Acceso denegado. (0x5)
[0820/221429.690:ERROR:exit_code_watcher_win.cc(87)] Failed to wait for process exit or stop event
[0820/221429.705:ERROR:registration_protocol_win.cc(131)] TransactNamedPipe: Ha terminado la canalización. (0x6D)
[0820/221429.705:ERROR:file_io_win.cc(179)] CreateFile C:\Program Files (x86)\Google\Chrome\settings.dat: Acceso denegado. (0x5)
[0820/222803.794:ERROR:file_io_win.cc(179)] CreateFile C:\Program Files (x86)\Google\Chrome\settings.dat: Acceso denegado. (0x5)
[0820/222803.800:ERROR:registration_protocol_win.cc(131)] TransactNamedPipe: Ha terminado la canalización. (0x6D)
[0820/222803.801:ERROR:file_io_win.cc(179)] CreateFile C:\Program Files (x86)\Google\Chrome\settings.dat: Acceso denegado. (0x5)
[0820/231507.729:ERROR:file_io_win.cc(179)] CreateFile C:\Program Files (x86)\Google\Chrome\settings.dat: Acceso denegado. (0x5)
[0820/231507.737:ERROR:registration_protocol_win.cc(131)] TransactNamedPipe: Ha terminado la canalización. (0x6D)
[0820/231507.738:ERROR:file_io_win.cc(179)] CreateFile C:\Program Files (x86)\Google\Chrome\settings.dat: Acceso denegado. (0x5)
[0821/103855.470:ERROR:file_io_win.cc(179)] CreateFile C:\Program Files (x86)\Google\Chrome\settings.dat: Acceso denegado. (0x5)
[0821/103855.480:ERROR:registration_protocol_win.cc(131)] TransactNamedPipe: Ha terminado la canalización. (0x6D)
[0821/103855.482:ERROR:file_io_win.cc(179)] CreateFile C:\Program Files (x86)\Google\Chrome\settings.dat: Acceso denegado. (0x5)
[0821/111407.012:ERROR:file_io_win.cc(179)] CreateFile C:\Program Files (x86)\Google\Chrome\settings.dat: Acceso denegado. (0x5)
[0821/111407.018:ERROR:registration_protocol_win.cc(131)] TransactNamedPipe: Ha terminado la canalización. (0x6D)
[0821/111407.019:ERROR:file_io_win.cc(179)] CreateFile C:\Program Files (x86)\Google\Chrome\settings.dat: Acceso denegado. (0x5)
[0821/112703.994:ERROR:file_io_win.cc(179)] CreateFile C:\Program Files (x86)\Google\Chrome\settings.dat: Acceso denegado. (0x5)
[0821/112704.000:ERROR:registration_protocol_win.cc(131)] TransactNamedPipe: Ha terminado la canalización. (0x6D)
[0821/112704.001:ERROR:file_io_win.cc(179)] CreateFile C:\Program Files (x86)\Google\Chrome\settings.dat: Acceso denegado. (0x5)
[0821/112800.361:ERROR:file_io_win.cc(179)] CreateFile C:\Program Files (x86)\Google\Chrome\settings.dat: Acceso denegado. (0x5)
[0821/112800.366:ERROR:registration_protocol_win.cc(131)] TransactNamedPipe: Ha terminado la canalización. (0x6D)
[0821/112800.368:ERROR:file_io_win.cc(179)] CreateFile C:\Program Files (x86)\Google\Chrome\settings.dat: Acceso denegado. (0x5)
[0821/120153.467:ERROR:file_io_win.cc(179)] CreateFile C:\Program Files (x86)\Google\Chrome\settings.dat: Acceso denegado. (0x5)
[0821/120153.472:ERROR:registration_protocol_win.cc(131)] TransactNamedPipe: Ha terminado la canalización. (0x6D)
[0821/120153.473:ERROR:file_io_win.cc(179)] CreateFile C:\Program Files (x86)\Google\Chrome\settings.dat: Acceso denegado. (0x5)
[0821/122415.241:ERROR:file_io_win.cc(179)] CreateFile C:\Program Files (x86)\Google\Chrome\settings.dat: Acceso denegado. (0x5)
[0821/122415.257:ERROR:registration_protocol_win.cc(131)] TransactNamedPipe: Ha terminado la canalización. (0x6D)
[0821/122415.257:ERROR:file_io_win.cc(179)] CreateFile C:\Program Files (x86)\Google\Chrome\settings.dat: Acceso denegado. (0x5)
[0821/124448.514:ERROR:file_io_win.cc(179)] CreateFile C:\Program Files (x86)\Google\Chrome\settings.dat: Acceso denegado. (0x5)
[0821/124448.519:ERROR:registration_protocol_win.cc(131)] TransactNamedPipe: Ha terminado la canalización. (0x6D)
[0821/124448.520:ERROR:file_io_win.cc(179)] CreateFile C:\Program Files (x86)\Google\Chrome\settings.dat: Acceso denegado. (0x5)
[0821/143848.192:ERROR:file_io_win.cc(179)] CreateFile C:\Program Files (x86)\Google\Chrome\settings.dat: Acceso denegado. (0x5)
[0821/143848.198:ERROR:registration_protocol_win.cc(131)] TransactNamedPipe: Ha terminado la canalización. (0x6D)
[0821/143848.199:ERROR:file_io_win.cc(179)] CreateFile C:\Program Files (x86)\Google\Chrome\settings.dat: Acceso denegado. (0x5)
[0821/144615.217:ERROR:file_io_win.cc(179)] CreateFile C:\Program Files (x86)\Google\Chrome\settings.dat: Acceso denegado. (0x5)
[0821/144615.233:ERROR:registration_protocol_win.cc(131)] TransactNamedPipe: Ha terminado la canalización. (0x6D)
[0821/144615.235:ERROR:file_io_win.cc(179)] CreateFile C:\Program Files (x86)\Google\Chrome\settings.dat: Acceso denegado. (0x5)
[0821/144816.027:ERROR:file_io_win.cc(179)] CreateFile C:\Program Files (x86)\Google\Chrome\settings.dat: Acceso denegado. (0x5)
[0821/144816.027:ERROR:registration_protocol_win.cc(131)] TransactNamedPipe: Ha terminado la canalización. (0x6D)
[0821/144816.027:ERROR:file_io_win.cc(179)] CreateFile C:\Program Files (x86)\Google\Chrome\settings.dat: Acceso denegado. (0x5)
[0821/151457.274:ERROR:file_io_win.cc(179)] CreateFile C:\Program Files (x86)\Google\Chrome\settings.dat: Acceso denegado. (0x5)
[0821/151457.279:ERROR:registration_protocol_win.cc(131)] TransactNamedPipe: Ha terminado la canalización. (0x6D)
[0821/151457.281:ERROR:file_io_win.cc(179)] CreateFile C:\Program Files (x86)\Google\Chrome\settings.dat: Acceso denegado. (0x5)
[0821/152429.055:ERROR:file_io_win.cc(179)] CreateFile C:\Program Files (x86)\Google\Chrome\settings.dat: Acceso denegado. (0x5)
[0821/152429.062:ERROR:registration_protocol_win.cc(131)] TransactNamedPipe: Ha terminado la canalización. (0x6D)
[0821/152429.063:ERROR:file_io_win.cc(179)] CreateFile C:\Program Files (x86)\Google\Chrome\settings.dat: Acceso denegado. (0x5)
[0821/161039.229:ERROR:file_io_win.cc(179)] CreateFile C:\Program Files (x86)\Google\Chrome\settings.dat: Acceso denegado. (0x5)
[0821/161039.244:ERROR:registration_protocol_win.cc(131)] TransactNamedPipe: Ha terminado la canalización. (0x6D)
[0821/161039.244:ERROR:file_io_win.cc(179)] CreateFile C:\Program Files (x86)\Google\Chrome\settings.dat: Acceso denegado. (0x5)
[0821/170640.556:ERROR:file_io_win.cc(179)] CreateFile C:\Program Files (x86)\Google\Chrome\settings.dat: Acceso denegado. (0x5)
[0821/170640.556:ERROR:registration_protocol_win.cc(131)] TransactNamedPipe: Ha terminado la canalización. (0x6D)
[0821/170640.556:ERROR:file_io_win.cc(179)] CreateFile C:\Program Files (x86)\Google\Chrome\settings.dat: Acceso denegado. (0x5)
[0821/172850.419:ERROR:file_io_win.cc(179)] CreateFile C:\Program Files (x86)\Google\Chrome\settings.dat: Acceso denegado. (0x5)
[0821/172850.428:ERROR:registration_protocol_win.cc(131)] TransactNamedPipe: Ha terminado la canalización. (0x6D)
[0821/172850.429:ERROR:file_io_win.cc(179)] CreateFile C:\Program Files (x86)\Google\Chrome\settings.dat: Acceso denegado. (0x5)
[0821/173200.244:ERROR:file_io_win.cc(179)] CreateFile C:\Program Files (x86)\Google\Chrome\settings.dat: Acceso denegado. (0x5)
[0821/173200.249:ERROR:registration_protocol_win.cc(131)] TransactNamedPipe: Ha terminado la canalización. (0x6D)
[0821/173200.250:ERROR:file_io_win.cc(179)] CreateFile C:\Program Files (x86)\Google\Chrome\settings.dat: Acceso denegado. (0x5)
[0821/174129.102:ERROR:file_io_win.cc(179)] CreateFile C:\Program Files (x86)\Google\Chrome\settings.dat: Acceso denegado. (0x5)
[0821/174129.109:ERROR:registration_protocol_win.cc(131)] TransactNamedPipe: Ha terminado la canalización. (0x6D)
[0821/174129.110:ERROR:file_io_win.cc(179)] CreateFile C:\Program Files (x86)\Google\Chrome\settings.dat: Acceso denegado. (0x5)
[0821/194828.420:ERROR:file_io_win.cc(179)] CreateFile C:\Program Files (x86)\Google\Chrome\settings.dat: Acceso denegado. (0x5)
[0821/194828.420:ERROR:registration_protocol_win.cc(131)] TransactNamedPipe: Ha terminado la canalización. (0x6D)
[0821/194828.420:ERROR:file_io_win.cc(179)] CreateFile C:\Program Files (x86)\Google\Chrome\settings.dat: Acceso denegado. (0x5)
[0821/203949.781:ERROR:file_io_win.cc(179)] CreateFile C:\Program Files (x86)\Google\Chrome\settings.dat: Acceso denegado. (0x5)
[0821/203949.787:ERROR:registration_protocol_win.cc(131)] TransactNamedPipe: Ha terminado la canalización. (0x6D)
[0821/203949.788:ERROR:file_io_win.cc(179)] CreateFile C:\Program Files (x86)\Google\Chrome\settings.dat: Acceso denegado. (0x5)
[0821/211415.011:ERROR:file_io_win.cc(179)] CreateFile C:\Program Files (x86)\Google\Chrome\settings.dat: Acceso denegado. (0x5)
[0821/211415.016:ERROR:registration_protocol_win.cc(131)] TransactNamedPipe: Ha terminado la canalización. (0x6D)
[0821/211415.016:ERROR:file_io_win.cc(179)] CreateFile C:\Program Files (x86)\Google\Chrome\settings.dat: Acceso denegado. (0x5)
[0821/220810.750:ERROR:file_io_win.cc(179)] CreateFile C:\Program Files (x86)\Google\Chrome\settings.dat: Acceso denegado. (0x5)
[0821/220810.757:ERROR:registration_protocol_win.cc(131)] TransactNamedPipe: Ha terminado la canalización. (0x6D)
[0821/220810.758:ERROR:file_io_win.cc(179)] CreateFile C:\Program Files (x86)\Google\Chrome\settings.dat: Acceso denegado. (0x5)
[0822/141256.675:ERROR:file_io_win.cc(179)] CreateFile C:\Program Files (x86)\Google\Chrome\settings.dat: Acceso denegado. (0x5)
[0822/141256.681:ERROR:registration_protocol_win.cc(131)] TransactNamedPipe: Ha terminado la canalización. (0x6D)
[0822/141256.682:ERROR:file_io_win.cc(179)] CreateFile C:\Program Files (x86)\Google\Chrome\settings.dat: Acceso denegado. (0x5)
[0822/152132.419:ERROR:file_io_win.cc(179)] CreateFile C:\Program Files (x86)\Google\Chrome\settings.dat: Acceso denegado. (0x5)
[0822/152132.419:ERROR:registration_protocol_win.cc(131)] TransactNamedPipe: Ha terminado la canalización. (0x6D)
[0822/152132.419:ERROR:file_io_win.cc(179)] CreateFile C:\Program Files (x86)\Google\Chrome\settings.dat: Acceso denegado. (0x5)
[0822/155837.917:ERROR:file_io_win.cc(179)] CreateFile C:\Program Files (x86)\Google\Chrome\settings.dat: Acceso denegado. (0x5)
[0822/155837.922:ERROR:registration_protocol_win.cc(131)] TransactNamedPipe: Ha terminado la canalización. (0x6D)
[0822/155837.924:ERROR:file_io_win.cc(179)] CreateFile C:\Program Files (x86)\Google\Chrome\settings.dat: Acceso denegado. (0x5)
[0822/160928.324:ERROR:file_io_win.cc(179)] CreateFile C:\Program Files (x86)\Google\Chrome\settings.dat: Acceso denegado. (0x5)
[0822/160928.331:ERROR:registration_protocol_win.cc(131)] TransactNamedPipe: Ha terminado la canalización. (0x6D)
[0822/160928.332:ERROR:file_io_win.cc(179)] CreateFile C:\Program Files (x86)\Google\Chrome\settings.dat: Acceso denegado. (0x5)
[0822/160957.488:ERROR:file_io_win.cc(179)] CreateFile C:\Program Files (x86)\Google\Chrome\settings.dat: Acceso denegado. (0x5)
[0822/160957.495:ERROR:registration_protocol_win.cc(131)] TransactNamedPipe: Ha terminado la canalización. (0x6D)
[0822/160957.496:ERROR:file_io_win.cc(179)] CreateFile C:\Program Files (x86)\Google\Chrome\settings.dat: Acceso denegado. (0x5)
[0822/173238.603:ERROR:file_io_win.cc(179)] CreateFile C:\Program Files (x86)\Google\Chrome\settings.dat: Acceso denegado. (0x5)
[0822/173238.607:ERROR:exit_code_watcher_win.cc(87)] Failed to wait for process exit or stop event
[0822/173238.617:ERROR:registration_protocol_win.cc(131)] TransactNamedPipe: Ha terminado la canalización. (0x6D)
[0822/173238.618:ERROR:file_io_win.cc(179)] CreateFile C:\Program Files (x86)\Google\Chrome\settings.dat: Acceso denegado. (0x5)
[0822/175126.123:ERROR:file_io_win.cc(179)] CreateFile C:\Program Files (x86)\Google\Chrome\settings.dat: Acceso denegado. (0x5)
[0822/175126.129:ERROR:registration_protocol_win.cc(131)] TransactNamedPipe: Ha terminado la canalización. (0x6D)
[0822/175126.130:ERROR:file_io_win.cc(179)] CreateFile C:\Program Files (x86)\Google\Chrome\settings.dat: Acceso denegado. (0x5)
[0822/180748.254:ERROR:file_io_win.cc(179)] CreateFile C:\Program Files (x86)\Google\Chrome\settings.dat: Acceso denegado. (0x5)
[0822/180748.254:ERROR:registration_protocol_win.cc(131)] TransactNamedPipe: Ha terminado la canalización. (0x6D)
[0822/180748.254:ERROR:file_io_win.cc(179)] CreateFile C:\Program Files (x86)\Google\Chrome\settings.dat: Acceso denegado. (0x5)
[0822/184318.234:ERROR:file_io_win.cc(179)] CreateFile C:\Program Files (x86)\Google\Chrome\settings.dat: Acceso denegado. (0x5)
[0822/184318.234:ERROR:exit_code_watcher_win.cc(87)] Failed to wait for process exit or stop event
[0822/184318.249:ERROR:registration_protocol_win.cc(131)] TransactNamedPipe: Ha terminado la canalización. (0x6D)
[0822/184318.249:ERROR:file_io_win.cc(179)] CreateFile C:\Program Files (x86)\Google\Chrome\settings.dat: Acceso denegado. (0x5)
[0822/185312.612:ERROR:file_io_win.cc(179)] CreateFile C:\Program Files (x86)\Google\Chrome\settings.dat: Acceso denegado. (0x5)
[0822/185312.618:ERROR:registration_protocol_win.cc(131)] TransactNamedPipe: Ha terminado la canalización. (0x6D)
[0822/185312.619:ERROR:file_io_win.cc(179)] CreateFile C:\Program Files (x86)\Google\Chrome\settings.dat: Acceso denegado. (0x5)
[0822/192827.711:ERROR:file_io_win.cc(179)] CreateFile C:\Program Files (x86)\Google\Chrome\settings.dat: Acceso denegado. (0x5)
[0822/192827.717:ERROR:registration_protocol_win.cc(131)] TransactNamedPipe: Ha terminado la canalización. (0x6D)
[0822/192827.718:ERROR:file_io_win.cc(179)] CreateFile C:\Program Files (x86)\Google\Chrome\settings.dat: Acceso denegado. (0x5)
[0822/193711.413:ERROR:file_io_win.cc(179)] CreateFile C:\Program Files (x86)\Google\Chrome\settings.dat: Acceso denegado. (0x5)
[0822/193711.420:ERROR:registration_protocol_win.cc(131)] TransactNamedPipe: Ha terminado la canalización. (0x6D)
[0822/193711.422:ERROR:file_io_win.cc(179)] CreateFile C:\Program Files (x86)\Google\Chrome\settings.dat: Acceso denegado. (0x5)
[0822/193819.496:ERROR:file_io_win.cc(179)] CreateFile C:\Program Files (x86)\Google\Chrome\settings.dat: Acceso denegado. (0x5)
[0822/193819.496:ERROR:registration_protocol_win.cc(131)] TransactNamedPipe: Ha terminado la canalización. (0x6D)
[0822/193819.505:ERROR:file_io_win.cc(179)] CreateFile C:\Program Files (x86)\Google\Chrome\settings.dat: Acceso denegado. (0x5)
[0822/200759.974:ERROR:file_io_win.cc(179)] CreateFile C:\Program Files (x86)\Google\Chrome\settings.dat: Acceso denegado. (0x5)
[0822/200759.989:ERROR:registration_protocol_win.cc(131)] TransactNamedPipe: Ha terminado la canalización. (0x6D)
[0822/200759.989:ERROR:file_io_win.cc(179)] CreateFile C:\Program Files (x86)\Google\Chrome\settings.dat: Acceso denegado. (0x5)
[0822/205146.153:ERROR:file_io_win.cc(179)] CreateFile C:\Program Files (x86)\Google\Chrome\settings.dat: Acceso denegado. (0x5)
[0822/205146.161:ERROR:registration_protocol_win.cc(131)] TransactNamedPipe: Ha terminado la canalización. (0x6D)
[0822/205146.163:ERROR:file_io_win.cc(179)] CreateFile C:\Program Files (x86)\Google\Chrome\settings.dat: Acceso denegado. (0x5)
